d:\1myprogram\noahgameframe-master\noahgameframe-master\dependencies\theron\theron.dir\debug\theron.pdb
d:\1myprogram\noahgameframe-master\noahgameframe-master\dependencies\theron\theron.dir\debug\yieldpolicy.obj
d:\1myprogram\noahgameframe-master\noahgameframe-master\dependencies\theron\theron.dir\debug\stringpool.obj
d:\1myprogram\noahgameframe-master\noahgameframe-master\dependencies\theron\theron.dir\debug\receiver.obj
d:\1myprogram\noahgameframe-master\noahgameframe-master\dependencies\theron\theron.dir\debug\handlercollection.obj
d:\1myprogram\noahgameframe-master\noahgameframe-master\dependencies\theron\theron.dir\debug\framework.obj
d:\1myprogram\noahgameframe-master\noahgameframe-master\dependencies\theron\theron.dir\debug\fallbackhandlercollection.obj
d:\1myprogram\noahgameframe-master\noahgameframe-master\dependencies\theron\theron.dir\debug\endpoint.obj
d:\1myprogram\noahgameframe-master\noahgameframe-master\dependencies\theron\theron.dir\debug\defaulthandlercollection.obj
d:\1myprogram\noahgameframe-master\noahgameframe-master\dependencies\theron\theron.dir\debug\clock.obj
d:\1myprogram\noahgameframe-master\noahgameframe-master\dependencies\theron\theron.dir\debug\builddescriptor.obj
d:\1myprogram\noahgameframe-master\noahgameframe-master\dependencies\theron\theron.dir\debug\allocatormanager.obj
d:\1myprogram\noahgameframe-master\noahgameframe-master\dependencies\theron\theron.dir\debug\address.obj
d:\1myprogram\noahgameframe-master\noahgameframe-master\dependencies\theron\theron.dir\debug\actor.obj
d:\1myprogram\noahgameframe-master\noahgameframe-master\dependencies\theron\cmakefiles\generate.stamp
d:\1myprogram\noahgameframe-master\noahgameframe-master\_out\debug\theron_d.lib
d:\1myprogram\noahgameframe-master\noahgameframe-master\dependencies\theron\theron.dir\debug\theron.tlog\cl.command.1.tlog
d:\1myprogram\noahgameframe-master\noahgameframe-master\dependencies\theron\theron.dir\debug\theron.tlog\cl.read.1.tlog
d:\1myprogram\noahgameframe-master\noahgameframe-master\dependencies\theron\theron.dir\debug\theron.tlog\cl.write.1.tlog
d:\1myprogram\noahgameframe-master\noahgameframe-master\dependencies\theron\theron.dir\debug\theron.tlog\custombuild.command.1.tlog
d:\1myprogram\noahgameframe-master\noahgameframe-master\dependencies\theron\theron.dir\debug\theron.tlog\custombuild.read.1.tlog
d:\1myprogram\noahgameframe-master\noahgameframe-master\dependencies\theron\theron.dir\debug\theron.tlog\custombuild.write.1.tlog
d:\1myprogram\noahgameframe-master\noahgameframe-master\dependencies\theron\theron.dir\debug\theron.tlog\lib-link.read.1.tlog
d:\1myprogram\noahgameframe-master\noahgameframe-master\dependencies\theron\theron.dir\debug\theron.tlog\lib-link.write.1.tlog
d:\1myprogram\noahgameframe-master\noahgameframe-master\dependencies\theron\theron.dir\debug\theron.tlog\lib.command.1.tlog
